<?xml version="1.0" encoding="UTF-8" ?>
<testsuite errors="0" failures="0" hostname="Andys-MacBook-Pro.local" name="gtunes.StoreControllerTests" tests="1" time="0.806" timestamp="2013-01-03T20:57:59">
  <properties />
  <testcase classname="gtunes.StoreControllerTests" name="testSomething" time="0.802" />
  <system-out><![CDATA[--Output from testSomething--
]]></system-out>
  <system-err><![CDATA[--Output from testSomething--
]]></system-err>
</testsuite>
